<!DOCTYPE html PUBLIC "-//W3C//DTD XHTML 1.1//EN" "http://www.w3.org/TR/xhtml11/DTD/xhtml11.dtd">
<html xmlns="http://www.w3.org/1999/xhtml"><head><title>TestNG Report</title><style type="text/css">table {margin-bottom:10px;border-collapse:collapse;empty-cells:show}th,td {border:1px solid #009;padding:.25em .5em}th {vertical-align:bottom}td {vertical-align:top}table a {font-weight:bold}.stripe td {background-color: #E6EBF9}.num {text-align:right}.passedodd td {background-color: #3F3}.passedeven td {background-color: #0A0}.skippedodd td {background-color: #DDD}.skippedeven td {background-color: #CCC}.failedodd td,.attn {background-color: #F33}.failedeven td,.stripe .attn {background-color: #D00}.stacktrace {white-space:pre;font-family:monospace}.totop {font-size:85%;text-align:center;border-bottom:2px solid #000}</style></head><body><table><tr><th>Test</th><th># Passed</th><th># Skipped</th><th># Failed</th><th>Time (ms)</th><th>Included Groups</th><th>Excluded Groups</th></tr><tr><th colspan="7">V3 Admin</th></tr><tr><td><a href="#t0">Verify Login</a></td><td class="num">1</td><td class="num">0</td><td class="num">0</td><td class="num">10,275</td><td></td><td></td></tr><tr class="stripe"><td><a href="#t1">Add Bindery Jobs</a></td><td class="num">0</td><td class="num">0</td><td class="num attn">1</td><td class="num">86,010</td><td></td><td></td></tr><tr><td><a href="#t2">Search Bindery Jobs</a></td><td class="num">0</td><td class="num">0</td><td class="num attn">1</td><td class="num">68,509</td><td></td><td></td></tr><tr><th>Total</th><th class="num">1</th><th class="num">0</th><th class="num attn">2</th><th class="num">164,794</th><th colspan="2"></th></tr></table><table><thead><tr><th>Class</th><th>Method</th><th>Start</th><th>Time (ms)</th></tr></thead><tbody><tr><th colspan="4">V3 Admin</th></tr></tbody><tbody id="t0"><tr><th colspan="4">Verify Login &#8212; passed</th></tr><tr class="passedeven"><td rowspan="1">Test.RunTest</td><td><a href="#m0">testlogin</a></td><td rowspan="1">1539065923597</td><td rowspan="1">10191</td></tr></tbody><tbody id="t1"><tr><th colspan="4">Add Bindery Jobs &#8212; failed</th></tr><tr class="failedeven"><td rowspan="1">Test.RunTest</td><td><a href="#m1">addbinderyjobs</a></td><td rowspan="1">1539065934018</td><td rowspan="1">85944</td></tr></tbody><tbody id="t2"><tr><th colspan="4">Search Bindery Jobs &#8212; failed</th></tr><tr class="failedeven"><td rowspan="1">Test.RunTest</td><td><a href="#m2">searchbinderyjobs</a></td><td rowspan="1">1539066020040</td><td rowspan="1">68493</td></tr></tbody></table><h2>Verify Login</h2><h3 id="m0">Test.RunTest#testlogin</h3><table class="result"></table><p class="totop"><a href="#summary">back to summary</a></p><h2>Add Bindery Jobs</h2><h3 id="m1">Test.RunTest#addbinderyjobs</h3><table class="result"><tr><th>Exception</th></tr><tr><td><div class="stacktrace">org.openqa.selenium.NoSuchElementException: no such element: Unable to locate element: {&quot;method&quot;:&quot;xpath&quot;,&quot;selector&quot;:&quot;//*[@id=&apos;dvJobDetail&apos;]/div[5]/div[2]/span[1]/span[1]/input[1]&quot;}
  (Session info: chrome=69.0.3497.100)
  (Driver info: chromedriver=2.40.565498 (ea082db3280dd6843ebfb08a625e3eb905c4f5ab),platform=Windows NT 10.0.17134 x86_64) (WARNING: The server did not provide any stacktrace information)
Command duration or timeout: 60.02 seconds
For documentation on this error, please visit: http://seleniumhq.org/exceptions/no_such_element.html
Build info: version: &apos;2.47.1&apos;, revision: &apos;411b314&apos;, time: &apos;2015-07-30 02:56:46&apos;
System info: host: &apos;TNINCHD028&apos;, ip: &apos;10.100.0.239&apos;, os.name: &apos;Windows 10&apos;, os.arch: &apos;amd64&apos;, os.version: &apos;10.0&apos;, java.version: &apos;1.8.0_172&apos;
Driver info: org.openqa.selenium.chrome.ChromeDriver
Capabilities [{applicationCacheEnabled=false, rotatable=false, mobileEmulationEnabled=false, networkConnectionEnabled=false, chrome={chromedriverVersion=2.40.565498 (ea082db3280dd6843ebfb08a625e3eb905c4f5ab), userDataDir=C:\Users\BRINDE~1.SIN\AppData\Local\Temp\scoped_dir9328_22082}, takesHeapSnapshot=true, pageLoadStrategy=normal, databaseEnabled=false, handlesAlerts=true, hasTouchScreen=false, version=69.0.3497.100, platform=XP, browserConnectionEnabled=false, nativeEvents=true, acceptSslCerts=false, acceptInsecureCerts=false, locationContextEnabled=true, webStorageEnabled=true, browserName=chrome, takesScreenshot=true, javascriptEnabled=true, cssSelectorsEnabled=true, setWindowRect=true, unexpectedAlertBehaviour=ignore}]
Session ID: d2af33b9261820512081a6a1c44aea6b
*** Element info: {Using=xpath, value=//*[@id=&apos;dvJobDetail&apos;]/div[5]/div[2]/span[1]/span[1]/input[1]}
	at org.openqa.selenium.remote.ErrorHandler.createThrowable(ErrorHandler.java:206)
	at org.openqa.selenium.remote.ErrorHandler.throwIfResponseFailed(ErrorHandler.java:158)
	at org.openqa.selenium.remote.RemoteWebDriver.execute(RemoteWebDriver.java:595)
	at org.openqa.selenium.remote.RemoteWebDriver.findElement(RemoteWebDriver.java:348)
	at org.openqa.selenium.remote.RemoteWebDriver.findElementByXPath(RemoteWebDriver.java:445)
	at org.openqa.selenium.By$ByXPath.findElement(By.java:358)
	at org.openqa.selenium.remote.RemoteWebDriver.findElement(RemoteWebDriver.java:340)
	at Pages.JobInduction_Bindery.addjob(JobInduction_Bindery.java:425)
	at Test.RunTest.addbinderyjobs(RunTest.java:167)
... Removed 28 stack frames</div></td></tr></table><p class="totop"><a href="#summary">back to summary</a></p><h2>Search Bindery Jobs</h2><h3 id="m2">Test.RunTest#searchbinderyjobs</h3><table class="result"><tr><th>Exception</th></tr><tr><td><div class="stacktrace">org.openqa.selenium.NoSuchElementException: no such element: Unable to locate element: {&quot;method&quot;:&quot;xpath&quot;,&quot;selector&quot;:&quot;//*[@id=&apos;txtJobName&apos;]&quot;}
  (Session info: chrome=69.0.3497.100)
  (Driver info: chromedriver=2.40.565498 (ea082db3280dd6843ebfb08a625e3eb905c4f5ab),platform=Windows NT 10.0.17134 x86_64) (WARNING: The server did not provide any stacktrace information)
Command duration or timeout: 60.06 seconds
For documentation on this error, please visit: http://seleniumhq.org/exceptions/no_such_element.html
Build info: version: &apos;2.47.1&apos;, revision: &apos;411b314&apos;, time: &apos;2015-07-30 02:56:46&apos;
System info: host: &apos;TNINCHD028&apos;, ip: &apos;10.100.0.239&apos;, os.name: &apos;Windows 10&apos;, os.arch: &apos;amd64&apos;, os.version: &apos;10.0&apos;, java.version: &apos;1.8.0_172&apos;
Driver info: org.openqa.selenium.chrome.ChromeDriver
Capabilities [{applicationCacheEnabled=false, rotatable=false, mobileEmulationEnabled=false, networkConnectionEnabled=false, chrome={chromedriverVersion=2.40.565498 (ea082db3280dd6843ebfb08a625e3eb905c4f5ab), userDataDir=C:\Users\BRINDE~1.SIN\AppData\Local\Temp\scoped_dir9328_22082}, takesHeapSnapshot=true, pageLoadStrategy=normal, databaseEnabled=false, handlesAlerts=true, hasTouchScreen=false, version=69.0.3497.100, platform=XP, browserConnectionEnabled=false, nativeEvents=true, acceptSslCerts=false, acceptInsecureCerts=false, locationContextEnabled=true, webStorageEnabled=true, browserName=chrome, takesScreenshot=true, javascriptEnabled=true, cssSelectorsEnabled=true, setWindowRect=true, unexpectedAlertBehaviour=ignore}]
Session ID: d2af33b9261820512081a6a1c44aea6b
*** Element info: {Using=xpath, value=//*[@id=&apos;txtJobName&apos;]}
	at org.openqa.selenium.remote.ErrorHandler.createThrowable(ErrorHandler.java:206)
	at org.openqa.selenium.remote.ErrorHandler.throwIfResponseFailed(ErrorHandler.java:158)
	at org.openqa.selenium.remote.RemoteWebDriver.execute(RemoteWebDriver.java:595)
	at org.openqa.selenium.remote.RemoteWebDriver.findElement(RemoteWebDriver.java:348)
	at org.openqa.selenium.remote.RemoteWebDriver.findElementByXPath(RemoteWebDriver.java:445)
	at org.openqa.selenium.By$ByXPath.findElement(By.java:358)
	at org.openqa.selenium.remote.RemoteWebDriver.findElement(RemoteWebDriver.java:340)
	at Pages.JobInduction_Bindery.searchjob(JobInduction_Bindery.java:187)
	at Test.RunTest.searchbinderyjobs(RunTest.java:174)
... Removed 28 stack frames</div></td></tr></table><p class="totop"><a href="#summary">back to summary</a></p></body></html>